2017-01-03 16:44:51,025 - Default ResourceManager initializing. (class org.apache.velocity.runtime.resource.ResourceManagerImpl)
2017-01-03 16:44:51,029 - Resource Loader Instantiated: org.apache.velocity.runtime.resource.loader.ClasspathResourceLoader
2017-01-03 16:44:51,030 - ClasspathResourceLoader : initialization starting.
2017-01-03 16:44:51,030 - ClasspathResourceLoader : initialization complete.
2017-01-03 16:44:51,032 - ResourceCache : initialized. (class org.apache.velocity.runtime.resource.ResourceCacheImpl)
2017-01-03 16:44:51,032 - Default ResourceManager initialization complete.
2017-01-03 16:44:51,036 - Loaded System Directive: org.apache.velocity.runtime.directive.Literal
2017-01-03 16:44:51,038 - Loaded System Directive: org.apache.velocity.runtime.directive.Macro
2017-01-03 16:44:51,042 - Loaded System Directive: org.apache.velocity.runtime.directive.Parse
2017-01-03 16:44:51,045 - Loaded System Directive: org.apache.velocity.runtime.directive.Include
2017-01-03 16:44:51,046 - Loaded System Directive: org.apache.velocity.runtime.directive.Foreach
2017-01-03 16:44:51,077 - Created: 20 parsers.
2017-01-03 16:44:51,089 - Velocimacro : initialization starting.
2017-01-03 16:44:51,089 - Velocimacro : adding VMs from VM library template : VM_global_library.vm
2017-01-03 16:44:51,099 - ResourceManager : unable to find resource 'VM_global_library.vm' in any resource loader.
2017-01-03 16:44:51,099 - Velocimacro : error using  VM library template VM_global_library.vm : org.apache.velocity.exception.ResourceNotFoundException: Unable to find resource 'VM_global_library.vm'
2017-01-03 16:44:51,099 - Velocimacro :  VM library template macro registration complete.
2017-01-03 16:44:51,100 - Velocimacro : allowInline = true : VMs can be defined inline in templates
2017-01-03 16:44:51,100 - Velocimacro : allowInlineToOverride = false : VMs defined inline may NOT replace previous VM definitions
2017-01-03 16:44:51,100 - Velocimacro : allowInlineLocal = false : VMs defined inline will be  global in scope if allowed.
2017-01-03 16:44:51,100 - Velocimacro : messages on  : VM system will output logging messages
2017-01-03 16:44:51,100 - Velocimacro : autoload off  : VM system will not automatically reload global library macros
2017-01-03 16:44:51,100 - Velocimacro : initialization complete.
2017-01-03 16:44:51,100 - Velocity successfully started.
2017-01-03 16:47:53,569 - SimpleLog4JLogSystem initialized using logfile 'velocity.log'
2017-01-03 16:47:53,569 - ************************************************************** 
2017-01-03 16:47:53,569 - Starting Jakarta Velocity v1.4
2017-01-03 16:47:53,569 - RuntimeInstance initializing.
2017-01-03 16:47:53,569 - Default Properties File: org\apache\velocity\runtime\defaults\velocity.properties
2017-01-03 16:47:53,569 - Trying to use logger class org.apache.velocity.runtime.log.SimpleLog4JLogSystem
2017-01-03 16:47:53,569 - Using logger class org.apache.velocity.runtime.log.SimpleLog4JLogSystem
2017-01-03 16:47:53,573 - Default ResourceManager initializing. (class org.apache.velocity.runtime.resource.ResourceManagerImpl)
2017-01-03 16:47:53,577 - Resource Loader Instantiated: org.apache.velocity.runtime.resource.loader.ClasspathResourceLoader
2017-01-03 16:47:53,578 - ClasspathResourceLoader : initialization starting.
2017-01-03 16:47:53,578 - ClasspathResourceLoader : initialization complete.
2017-01-03 16:47:53,580 - ResourceCache : initialized. (class org.apache.velocity.runtime.resource.ResourceCacheImpl)
2017-01-03 16:47:53,580 - Default ResourceManager initialization complete.
2017-01-03 16:47:53,584 - Loaded System Directive: org.apache.velocity.runtime.directive.Literal
2017-01-03 16:47:53,586 - Loaded System Directive: org.apache.velocity.runtime.directive.Macro
2017-01-03 16:47:53,590 - Loaded System Directive: org.apache.velocity.runtime.directive.Parse
2017-01-03 16:47:53,593 - Loaded System Directive: org.apache.velocity.runtime.directive.Include
2017-01-03 16:47:53,594 - Loaded System Directive: org.apache.velocity.runtime.directive.Foreach
2017-01-03 16:47:53,624 - Created: 20 parsers.
2017-01-03 16:47:53,639 - Velocimacro : initialization starting.
2017-01-03 16:47:53,639 - Velocimacro : adding VMs from VM library template : VM_global_library.vm
2017-01-03 16:47:53,649 - ResourceManager : unable to find resource 'VM_global_library.vm' in any resource loader.
2017-01-03 16:47:53,649 - Velocimacro : error using  VM library template VM_global_library.vm : org.apache.velocity.exception.ResourceNotFoundException: Unable to find resource 'VM_global_library.vm'
2017-01-03 16:47:53,649 - Velocimacro :  VM library template macro registration complete.
2017-01-03 16:47:53,649 - Velocimacro : allowInline = true : VMs can be defined inline in templates
2017-01-03 16:47:53,649 - Velocimacro : allowInlineToOverride = false : VMs defined inline may NOT replace previous VM definitions
2017-01-03 16:47:53,649 - Velocimacro : allowInlineLocal = false : VMs defined inline will be  global in scope if allowed.
2017-01-03 16:47:53,649 - Velocimacro : messages on  : VM system will output logging messages
2017-01-03 16:47:53,649 - Velocimacro : autoload off  : VM system will not automatically reload global library macros
2017-01-03 16:47:53,649 - Velocimacro : initialization complete.
2017-01-03 16:47:53,649 - Velocity successfully started.
2017-01-03 16:52:17,742 - SimpleLog4JLogSystem initialized using logfile 'velocity.log'
2017-01-03 16:52:17,742 - ************************************************************** 
2017-01-03 16:52:17,742 - Starting Jakarta Velocity v1.4
2017-01-03 16:52:17,742 - RuntimeInstance initializing.
2017-01-03 16:52:17,742 - Default Properties File: org\apache\velocity\runtime\defaults\velocity.properties
2017-01-03 16:52:17,742 - Trying to use logger class org.apache.velocity.runtime.log.SimpleLog4JLogSystem
2017-01-03 16:52:17,742 - Using logger class org.apache.velocity.runtime.log.SimpleLog4JLogSystem
2017-01-03 16:52:17,749 - Default ResourceManager initializing. (class org.apache.velocity.runtime.resource.ResourceManagerImpl)
2017-01-03 16:52:17,753 - Resource Loader Instantiated: org.apache.velocity.runtime.resource.loader.ClasspathResourceLoader
2017-01-03 16:52:17,753 - ClasspathResourceLoader : initialization starting.
2017-01-03 16:52:17,753 - ClasspathResourceLoader : initialization complete.
2017-01-03 16:52:17,755 - ResourceCache : initialized. (class org.apache.velocity.runtime.resource.ResourceCacheImpl)
2017-01-03 16:52:17,755 - Default ResourceManager initialization complete.
2017-01-03 16:52:17,759 - Loaded System Directive: org.apache.velocity.runtime.directive.Literal
2017-01-03 16:52:17,761 - Loaded System Directive: org.apache.velocity.runtime.directive.Macro
2017-01-03 16:52:17,765 - Loaded System Directive: org.apache.velocity.runtime.directive.Parse
2017-01-03 16:52:17,768 - Loaded System Directive: org.apache.velocity.runtime.directive.Include
2017-01-03 16:52:17,769 - Loaded System Directive: org.apache.velocity.runtime.directive.Foreach
2017-01-03 16:52:17,800 - Created: 20 parsers.
2017-01-03 16:52:17,813 - Velocimacro : initialization starting.
2017-01-03 16:52:17,813 - Velocimacro : adding VMs from VM library template : VM_global_library.vm
2017-01-03 16:52:17,823 - ResourceManager : unable to find resource 'VM_global_library.vm' in any resource loader.
2017-01-03 16:52:17,823 - Velocimacro : error using  VM library template VM_global_library.vm : org.apache.velocity.exception.ResourceNotFoundException: Unable to find resource 'VM_global_library.vm'
2017-01-03 16:52:17,823 - Velocimacro :  VM library template macro registration complete.
2017-01-03 16:52:17,823 - Velocimacro : allowInline = true : VMs can be defined inline in templates
2017-01-03 16:52:17,823 - Velocimacro : allowInlineToOverride = false : VMs defined inline may NOT replace previous VM definitions
2017-01-03 16:52:17,823 - Velocimacro : allowInlineLocal = false : VMs defined inline will be  global in scope if allowed.
2017-01-03 16:52:17,823 - Velocimacro : messages on  : VM system will output logging messages
2017-01-03 16:52:17,823 - Velocimacro : autoload off  : VM system will not automatically reload global library macros
2017-01-03 16:52:17,823 - Velocimacro : initialization complete.
2017-01-03 16:52:17,823 - Velocity successfully started.
2017-01-03 17:00:10,502 - SimpleLog4JLogSystem initialized using logfile 'velocity.log'
2017-01-03 17:00:10,502 - ************************************************************** 
2017-01-03 17:00:10,503 - Starting Jakarta Velocity v1.4
2017-01-03 17:00:10,503 - RuntimeInstance initializing.
2017-01-03 17:00:10,503 - Default Properties File: org\apache\velocity\runtime\defaults\velocity.properties
2017-01-03 17:00:10,503 - Trying to use logger class org.apache.velocity.runtime.log.SimpleLog4JLogSystem
2017-01-03 17:00:10,503 - Using logger class org.apache.velocity.runtime.log.SimpleLog4JLogSystem
2017-01-03 17:00:10,505 - Default ResourceManager initializing. (class org.apache.velocity.runtime.resource.ResourceManagerImpl)
2017-01-03 17:00:10,507 - Resource Loader Instantiated: org.apache.velocity.runtime.resource.loader.ClasspathResourceLoader
2017-01-03 17:00:10,507 - ClasspathResourceLoader : initialization starting.
2017-01-03 17:00:10,507 - ClasspathResourceLoader : initialization complete.
2017-01-03 17:00:10,509 - ResourceCache : initialized. (class org.apache.velocity.runtime.resource.ResourceCacheImpl)
2017-01-03 17:00:10,509 - Default ResourceManager initialization complete.
2017-01-03 17:00:10,511 - Loaded System Directive: org.apache.velocity.runtime.directive.Literal
2017-01-03 17:00:10,512 - Loaded System Directive: org.apache.velocity.runtime.directive.Macro
2017-01-03 17:00:10,514 - Loaded System Directive: org.apache.velocity.runtime.directive.Parse
2017-01-03 17:00:10,516 - Loaded System Directive: org.apache.velocity.runtime.directive.Include
2017-01-03 17:00:10,516 - Loaded System Directive: org.apache.velocity.runtime.directive.Foreach
2017-01-03 17:00:10,536 - Created: 20 parsers.
2017-01-03 17:00:10,542 - Velocimacro : initialization starting.
2017-01-03 17:00:10,542 - Velocimacro : adding VMs from VM library template : VM_global_library.vm
2017-01-03 17:00:10,548 - ResourceManager : unable to find resource 'VM_global_library.vm' in any resource loader.
2017-01-03 17:00:10,548 - Velocimacro : error using  VM library template VM_global_library.vm : org.apache.velocity.exception.ResourceNotFoundException: Unable to find resource 'VM_global_library.vm'
2017-01-03 17:00:10,548 - Velocimacro :  VM library template macro registration complete.
2017-01-03 17:00:10,549 - Velocimacro : allowInline = true : VMs can be defined inline in templates
2017-01-03 17:00:10,549 - Velocimacro : allowInlineToOverride = false : VMs defined inline may NOT replace previous VM definitions
2017-01-03 17:00:10,549 - Velocimacro : allowInlineLocal = false : VMs defined inline will be  global in scope if allowed.
2017-01-03 17:00:10,549 - Velocimacro : messages on  : VM system will output logging messages
2017-01-03 17:00:10,549 - Velocimacro : autoload off  : VM system will not automatically reload global library macros
2017-01-03 17:00:10,549 - Velocimacro : initialization complete.
2017-01-03 17:00:10,549 - Velocity successfully started.
2017-01-03 17:00:20,304 - SimpleLog4JLogSystem initialized using logfile 'velocity.log'
2017-01-03 17:00:20,304 - ************************************************************** 
2017-01-03 17:00:20,304 - Starting Jakarta Velocity v1.4
2017-01-03 17:00:20,304 - RuntimeInstance initializing.
2017-01-03 17:00:20,304 - Default Properties File: org\apache\velocity\runtime\defaults\velocity.properties
2017-01-03 17:00:20,304 - Trying to use logger class org.apache.velocity.runtime.log.SimpleLog4JLogSystem
2017-01-03 17:00:20,304 - Using logger class org.apache.velocity.runtime.log.SimpleLog4JLogSystem
2017-01-03 17:00:20,308 - Default ResourceManager initializing. (class org.apache.velocity.runtime.resource.ResourceManagerImpl)
2017-01-03 17:00:20,312 - Resource Loader Instantiated: org.apache.velocity.runtime.resource.loader.ClasspathResourceLoader
2017-01-03 17:00:20,312 - ClasspathResourceLoader : initialization starting.
2017-01-03 17:00:20,312 - ClasspathResourceLoader : initialization complete.
2017-01-03 17:00:20,315 - ResourceCache : initialized. (class org.apache.velocity.runtime.resource.ResourceCacheImpl)
2017-01-03 17:00:20,315 - Default ResourceManager initialization complete.
2017-01-03 17:00:20,318 - Loaded System Directive: org.apache.velocity.runtime.directive.Literal
2017-01-03 17:00:20,320 - Loaded System Directive: org.apache.velocity.runtime.directive.Macro
2017-01-03 17:00:20,325 - Loaded System Directive: org.apache.velocity.runtime.directive.Parse
2017-01-03 17:00:20,328 - Loaded System Directive: org.apache.velocity.runtime.directive.Include
2017-01-03 17:00:20,329 - Loaded System Directive: org.apache.velocity.runtime.directive.Foreach
2017-01-03 17:00:20,357 - Created: 20 parsers.
2017-01-03 17:00:20,369 - Velocimacro : initialization starting.
2017-01-03 17:00:20,369 - Velocimacro : adding VMs from VM library template : VM_global_library.vm
2017-01-03 17:00:20,382 - ResourceManager : unable to find resource 'VM_global_library.vm' in any resource loader.
2017-01-03 17:00:20,382 - Velocimacro : error using  VM library template VM_global_library.vm : org.apache.velocity.exception.ResourceNotFoundException: Unable to find resource 'VM_global_library.vm'
2017-01-03 17:00:20,382 - Velocimacro :  VM library template macro registration complete.
2017-01-03 17:00:20,382 - Velocimacro : allowInline = true : VMs can be defined inline in templates
2017-01-03 17:00:20,382 - Velocimacro : allowInlineToOverride = false : VMs defined inline may NOT replace previous VM definitions
2017-01-03 17:00:20,382 - Velocimacro : allowInlineLocal = false : VMs defined inline will be  global in scope if allowed.
2017-01-03 17:00:20,382 - Velocimacro : messages on  : VM system will output logging messages
2017-01-03 17:00:20,382 - Velocimacro : autoload off  : VM system will not automatically reload global library macros
2017-01-03 17:00:20,382 - Velocimacro : initialization complete.
2017-01-03 17:00:20,382 - Velocity successfully started.
2017-01-04 10:14:24,717 - SimpleLog4JLogSystem initialized using logfile 'velocity.log'
2017-01-04 10:14:24,718 - ************************************************************** 
2017-01-04 10:14:24,718 - Starting Jakarta Velocity v1.4
2017-01-04 10:14:24,718 - RuntimeInstance initializing.
2017-01-04 10:14:24,718 - Default Properties File: org\apache\velocity\runtime\defaults\velocity.properties
2017-01-04 10:14:24,718 - Trying to use logger class org.apache.velocity.runtime.log.SimpleLog4JLogSystem
2017-01-04 10:14:24,718 - Using logger class org.apache.velocity.runtime.log.SimpleLog4JLogSystem
2017-01-04 10:14:24,720 - Default ResourceManager initializing. (class org.apache.velocity.runtime.resource.ResourceManagerImpl)
2017-01-04 10:14:24,723 - Resource Loader Instantiated: org.apache.velocity.runtime.resource.loader.ClasspathResourceLoader
2017-01-04 10:14:24,723 - ClasspathResourceLoader : initialization starting.
2017-01-04 10:14:24,723 - ClasspathResourceLoader : initialization complete.
2017-01-04 10:14:24,724 - ResourceCache : initialized. (class org.apache.velocity.runtime.resource.ResourceCacheImpl)
2017-01-04 10:14:24,724 - Default ResourceManager initialization complete.
2017-01-04 10:14:24,726 - Loaded System Directive: org.apache.velocity.runtime.directive.Literal
2017-01-04 10:14:24,730 - Loaded System Directive: org.apache.velocity.runtime.directive.Macro
2017-01-04 10:14:24,731 - Loaded System Directive: org.apache.velocity.runtime.directive.Parse
2017-01-04 10:14:24,733 - Loaded System Directive: org.apache.velocity.runtime.directive.Include
2017-01-04 10:14:24,733 - Loaded System Directive: org.apache.velocity.runtime.directive.Foreach
2017-01-04 10:14:24,751 - Created: 20 parsers.
2017-01-04 10:14:24,756 - Velocimacro : initialization starting.
2017-01-04 10:14:24,756 - Velocimacro : adding VMs from VM library template : VM_global_library.vm
2017-01-04 10:14:24,762 - ResourceManager : unable to find resource 'VM_global_library.vm' in any resource loader.
2017-01-04 10:14:24,762 - Velocimacro : error using  VM library template VM_global_library.vm : org.apache.velocity.exception.ResourceNotFoundException: Unable to find resource 'VM_global_library.vm'
2017-01-04 10:14:24,762 - Velocimacro :  VM library template macro registration complete.
2017-01-04 10:14:24,762 - Velocimacro : allowInline = true : VMs can be defined inline in templates
2017-01-04 10:14:24,762 - Velocimacro : allowInlineToOverride = false : VMs defined inline may NOT replace previous VM definitions
2017-01-04 10:14:24,762 - Velocimacro : allowInlineLocal = false : VMs defined inline will be  global in scope if allowed.
2017-01-04 10:14:24,762 - Velocimacro : messages on  : VM system will output logging messages
2017-01-04 10:14:24,762 - Velocimacro : autoload off  : VM system will not automatically reload global library macros
2017-01-04 10:14:24,762 - Velocimacro : initialization complete.
2017-01-04 10:14:24,762 - Velocity successfully started.
2017-01-04 10:18:35,854 - SimpleLog4JLogSystem initialized using logfile 'velocity.log'
2017-01-04 10:18:35,854 - ************************************************************** 
2017-01-04 10:18:35,854 - Starting Jakarta Velocity v1.4
2017-01-04 10:18:35,854 - RuntimeInstance initializing.
2017-01-04 10:18:35,854 - Default Properties File: org\apache\velocity\runtime\defaults\velocity.properties
2017-01-04 10:18:35,854 - Trying to use logger class org.apache.velocity.runtime.log.SimpleLog4JLogSystem
2017-01-04 10:18:35,854 - Using logger class org.apache.velocity.runtime.log.SimpleLog4JLogSystem
2017-01-04 10:18:35,857 - Default ResourceManager initializing. (class org.apache.velocity.runtime.resource.ResourceManagerImpl)
2017-01-04 10:18:35,859 - Resource Loader Instantiated: org.apache.velocity.runtime.resource.loader.ClasspathResourceLoader
2017-01-04 10:18:35,859 - ClasspathResourceLoader : initialization starting.
2017-01-04 10:18:35,859 - ClasspathResourceLoader : initialization complete.
2017-01-04 10:18:35,861 - ResourceCache : initialized. (class org.apache.velocity.runtime.resource.ResourceCacheImpl)
2017-01-04 10:18:35,861 - Default ResourceManager initialization complete.
2017-01-04 10:18:35,863 - Loaded System Directive: org.apache.velocity.runtime.directive.Literal
2017-01-04 10:18:35,865 - Loaded System Directive: org.apache.velocity.runtime.directive.Macro
2017-01-04 10:18:35,867 - Loaded System Directive: org.apache.velocity.runtime.directive.Parse
2017-01-04 10:18:35,869 - Loaded System Directive: org.apache.velocity.runtime.directive.Include
2017-01-04 10:18:35,870 - Loaded System Directive: org.apache.velocity.runtime.directive.Foreach
2017-01-04 10:18:35,891 - Created: 20 parsers.
2017-01-04 10:18:35,898 - Velocimacro : initialization starting.
2017-01-04 10:18:35,898 - Velocimacro : adding VMs from VM library template : VM_global_library.vm
2017-01-04 10:18:35,904 - ResourceManager : unable to find resource 'VM_global_library.vm' in any resource loader.
2017-01-04 10:18:35,905 - Velocimacro : error using  VM library template VM_global_library.vm : org.apache.velocity.exception.ResourceNotFoundException: Unable to find resource 'VM_global_library.vm'
2017-01-04 10:18:35,905 - Velocimacro :  VM library template macro registration complete.
2017-01-04 10:18:35,905 - Velocimacro : allowInline = true : VMs can be defined inline in templates
2017-01-04 10:18:35,905 - Velocimacro : allowInlineToOverride = false : VMs defined inline may NOT replace previous VM definitions
2017-01-04 10:18:35,905 - Velocimacro : allowInlineLocal = false : VMs defined inline will be  global in scope if allowed.
2017-01-04 10:18:35,905 - Velocimacro : messages on  : VM system will output logging messages
2017-01-04 10:18:35,905 - Velocimacro : autoload off  : VM system will not automatically reload global library macros
2017-01-04 10:18:35,905 - Velocimacro : initialization complete.
2017-01-04 10:18:35,905 - Velocity successfully started.
2017-01-04 10:22:32,066 - SimpleLog4JLogSystem initialized using logfile 'velocity.log'
2017-01-04 10:22:32,066 - ************************************************************** 
2017-01-04 10:22:32,066 - Starting Jakarta Velocity v1.4
2017-01-04 10:22:32,066 - RuntimeInstance initializing.
2017-01-04 10:22:32,066 - Default Properties File: org\apache\velocity\runtime\defaults\velocity.properties
2017-01-04 10:22:32,066 - Trying to use logger class org.apache.velocity.runtime.log.SimpleLog4JLogSystem
2017-01-04 10:22:32,066 - Using logger class org.apache.velocity.runtime.log.SimpleLog4JLogSystem
2017-01-04 10:22:32,071 - Default ResourceManager initializing. (class org.apache.velocity.runtime.resource.ResourceManagerImpl)
2017-01-04 10:22:32,075 - Resource Loader Instantiated: org.apache.velocity.runtime.resource.loader.ClasspathResourceLoader
2017-01-04 10:22:32,075 - ClasspathResourceLoader : initialization starting.
2017-01-04 10:22:32,075 - ClasspathResourceLoader : initialization complete.
2017-01-04 10:22:32,078 - ResourceCache : initialized. (class org.apache.velocity.runtime.resource.ResourceCacheImpl)
2017-01-04 10:22:32,078 - Default ResourceManager initialization complete.
2017-01-04 10:22:32,081 - Loaded System Directive: org.apache.velocity.runtime.directive.Literal
2017-01-04 10:22:32,084 - Loaded System Directive: org.apache.velocity.runtime.directive.Macro
2017-01-04 10:22:32,088 - Loaded System Directive: org.apache.velocity.runtime.directive.Parse
2017-01-04 10:22:32,091 - Loaded System Directive: org.apache.velocity.runtime.directive.Include
2017-01-04 10:22:32,092 - Loaded System Directive: org.apache.velocity.runtime.directive.Foreach
2017-01-04 10:22:32,123 - Created: 20 parsers.
2017-01-04 10:22:32,135 - Velocimacro : initialization starting.
2017-01-04 10:22:32,136 - Velocimacro : adding VMs from VM library template : VM_global_library.vm
2017-01-04 10:22:32,146 - ResourceManager : unable to find resource 'VM_global_library.vm' in any resource loader.
2017-01-04 10:22:32,146 - Velocimacro : error using  VM library template VM_global_library.vm : org.apache.velocity.exception.ResourceNotFoundException: Unable to find resource 'VM_global_library.vm'
2017-01-04 10:22:32,146 - Velocimacro :  VM library template macro registration complete.
2017-01-04 10:22:32,146 - Velocimacro : allowInline = true : VMs can be defined inline in templates
2017-01-04 10:22:32,146 - Velocimacro : allowInlineToOverride = false : VMs defined inline may NOT replace previous VM definitions
2017-01-04 10:22:32,146 - Velocimacro : allowInlineLocal = false : VMs defined inline will be  global in scope if allowed.
2017-01-04 10:22:32,146 - Velocimacro : messages on  : VM system will output logging messages
2017-01-04 10:22:32,146 - Velocimacro : autoload off  : VM system will not automatically reload global library macros
2017-01-04 10:22:32,146 - Velocimacro : initialization complete.
2017-01-04 10:22:32,146 - Velocity successfully started.
2017-01-04 11:55:14,975 - SimpleLog4JLogSystem initialized using logfile 'velocity.log'
2017-01-04 11:55:14,975 - ************************************************************** 
2017-01-04 11:55:14,975 - Starting Jakarta Velocity v1.4
2017-01-04 11:55:14,975 - RuntimeInstance initializing.
2017-01-04 11:55:14,975 - Default Properties File: org\apache\velocity\runtime\defaults\velocity.properties
2017-01-04 11:55:14,975 - Trying to use logger class org.apache.velocity.runtime.log.SimpleLog4JLogSystem
2017-01-04 11:55:14,975 - Using logger class org.apache.velocity.runtime.log.SimpleLog4JLogSystem
2017-01-04 11:55:14,978 - Default ResourceManager initializing. (class org.apache.velocity.runtime.resource.ResourceManagerImpl)
2017-01-04 11:55:14,980 - Resource Loader Instantiated: org.apache.velocity.runtime.resource.loader.ClasspathResourceLoader
2017-01-04 11:55:14,981 - ClasspathResourceLoader : initialization starting.
2017-01-04 11:55:14,981 - ClasspathResourceLoader : initialization complete.
2017-01-04 11:55:14,982 - ResourceCache : initialized. (class org.apache.velocity.runtime.resource.ResourceCacheImpl)
2017-01-04 11:55:14,982 - Default ResourceManager initialization complete.
2017-01-04 11:55:14,984 - Loaded System Directive: org.apache.velocity.runtime.directive.Literal
2017-01-04 11:55:14,986 - Loaded System Directive: org.apache.velocity.runtime.directive.Macro
2017-01-04 11:55:14,988 - Loaded System Directive: org.apache.velocity.runtime.directive.Parse
2017-01-04 11:55:14,989 - Loaded System Directive: org.apache.velocity.runtime.directive.Include
2017-01-04 11:55:14,990 - Loaded System Directive: org.apache.velocity.runtime.directive.Foreach
2017-01-04 11:55:15,011 - Created: 20 parsers.
2017-01-04 11:55:15,017 - Velocimacro : initialization starting.
2017-01-04 11:55:15,017 - Velocimacro : adding VMs from VM library template : VM_global_library.vm
2017-01-04 11:55:15,023 - ResourceManager : unable to find resource 'VM_global_library.vm' in any resource loader.
2017-01-04 11:55:15,023 - Velocimacro : error using  VM library template VM_global_library.vm : org.apache.velocity.exception.ResourceNotFoundException: Unable to find resource 'VM_global_library.vm'
2017-01-04 11:55:15,023 - Velocimacro :  VM library template macro registration complete.
2017-01-04 11:55:15,023 - Velocimacro : allowInline = true : VMs can be defined inline in templates
2017-01-04 11:55:15,023 - Velocimacro : allowInlineToOverride = false : VMs defined inline may NOT replace previous VM definitions
2017-01-04 11:55:15,023 - Velocimacro : allowInlineLocal = false : VMs defined inline will be  global in scope if allowed.
2017-01-04 11:55:15,023 - Velocimacro : messages on  : VM system will output logging messages
2017-01-04 11:55:15,023 - Velocimacro : autoload off  : VM system will not automatically reload global library macros
2017-01-04 11:55:15,023 - Velocimacro : initialization complete.
2017-01-04 11:55:15,024 - Velocity successfully started.
2017-01-04 12:29:28,905 - SimpleLog4JLogSystem initialized using logfile 'velocity.log'
2017-01-04 12:29:28,905 - ************************************************************** 
2017-01-04 12:29:28,905 - Starting Jakarta Velocity v1.4
2017-01-04 12:29:28,905 - RuntimeInstance initializing.
2017-01-04 12:29:28,905 - Default Properties File: org\apache\velocity\runtime\defaults\velocity.properties
2017-01-04 12:29:28,905 - Trying to use logger class org.apache.velocity.runtime.log.SimpleLog4JLogSystem
2017-01-04 12:29:28,905 - Using logger class org.apache.velocity.runtime.log.SimpleLog4JLogSystem
2017-01-04 12:29:28,908 - Default ResourceManager initializing. (class org.apache.velocity.runtime.resource.ResourceManagerImpl)
2017-01-04 12:29:28,910 - Resource Loader Instantiated: org.apache.velocity.runtime.resource.loader.ClasspathResourceLoader
2017-01-04 12:29:28,910 - ClasspathResourceLoader : initialization starting.
2017-01-04 12:29:28,910 - ClasspathResourceLoader : initialization complete.
2017-01-04 12:29:28,911 - ResourceCache : initialized. (class org.apache.velocity.runtime.resource.ResourceCacheImpl)
2017-01-04 12:29:28,912 - Default ResourceManager initialization complete.
2017-01-04 12:29:28,914 - Loaded System Directive: org.apache.velocity.runtime.directive.Literal
2017-01-04 12:29:28,915 - Loaded System Directive: org.apache.velocity.runtime.directive.Macro
2017-01-04 12:29:28,917 - Loaded System Directive: org.apache.velocity.runtime.directive.Parse
2017-01-04 12:29:28,919 - Loaded System Directive: org.apache.velocity.runtime.directive.Include
2017-01-04 12:29:28,920 - Loaded System Directive: org.apache.velocity.runtime.directive.Foreach
2017-01-04 12:29:28,944 - Created: 20 parsers.
2017-01-04 12:29:28,951 - Velocimacro : initialization starting.
2017-01-04 12:29:28,951 - Velocimacro : adding VMs from VM library template : VM_global_library.vm
2017-01-04 12:29:28,957 - ResourceManager : unable to find resource 'VM_global_library.vm' in any resource loader.
2017-01-04 12:29:28,958 - Velocimacro : error using  VM library template VM_global_library.vm : org.apache.velocity.exception.ResourceNotFoundException: Unable to find resource 'VM_global_library.vm'
2017-01-04 12:29:28,958 - Velocimacro :  VM library template macro registration complete.
2017-01-04 12:29:28,958 - Velocimacro : allowInline = true : VMs can be defined inline in templates
2017-01-04 12:29:28,958 - Velocimacro : allowInlineToOverride = false : VMs defined inline may NOT replace previous VM definitions
2017-01-04 12:29:28,958 - Velocimacro : allowInlineLocal = false : VMs defined inline will be  global in scope if allowed.
2017-01-04 12:29:28,958 - Velocimacro : messages on  : VM system will output logging messages
2017-01-04 12:29:28,958 - Velocimacro : autoload off  : VM system will not automatically reload global library macros
2017-01-04 12:29:28,958 - Velocimacro : initialization complete.
2017-01-04 12:29:28,958 - Velocity successfully started.
2017-01-04 12:37:44,829 - SimpleLog4JLogSystem initialized using logfile 'velocity.log'
2017-01-04 12:37:44,830 - ************************************************************** 
2017-01-04 12:37:44,830 - Starting Jakarta Velocity v1.4
2017-01-04 12:37:44,830 - RuntimeInstance initializing.
2017-01-04 12:37:44,830 - Default Properties File: org\apache\velocity\runtime\defaults\velocity.properties
2017-01-04 12:37:44,830 - Trying to use logger class org.apache.velocity.runtime.log.SimpleLog4JLogSystem
2017-01-04 12:37:44,830 - Using logger class org.apache.velocity.runtime.log.SimpleLog4JLogSystem
2017-01-04 12:37:44,832 - Default ResourceManager initializing. (class org.apache.velocity.runtime.resource.ResourceManagerImpl)
2017-01-04 12:37:44,834 - Resource Loader Instantiated: org.apache.velocity.runtime.resource.loader.ClasspathResourceLoader
2017-01-04 12:37:44,835 - ClasspathResourceLoader : initialization starting.
2017-01-04 12:37:44,835 - ClasspathResourceLoader : initialization complete.
2017-01-04 12:37:44,836 - ResourceCache : initialized. (class org.apache.velocity.runtime.resource.ResourceCacheImpl)
2017-01-04 12:37:44,836 - Default ResourceManager initialization complete.
2017-01-04 12:37:44,838 - Loaded System Directive: org.apache.velocity.runtime.directive.Literal
2017-01-04 12:37:44,839 - Loaded System Directive: org.apache.velocity.runtime.directive.Macro
2017-01-04 12:37:44,842 - Loaded System Directive: org.apache.velocity.runtime.directive.Parse
2017-01-04 12:37:44,843 - Loaded System Directive: org.apache.velocity.runtime.directive.Include
2017-01-04 12:37:44,844 - Loaded System Directive: org.apache.velocity.runtime.directive.Foreach
2017-01-04 12:37:44,864 - Created: 20 parsers.
2017-01-04 12:37:44,871 - Velocimacro : initialization starting.
2017-01-04 12:37:44,871 - Velocimacro : adding VMs from VM library template : VM_global_library.vm
2017-01-04 12:37:44,877 - ResourceManager : unable to find resource 'VM_global_library.vm' in any resource loader.
2017-01-04 12:37:44,877 - Velocimacro : error using  VM library template VM_global_library.vm : org.apache.velocity.exception.ResourceNotFoundException: Unable to find resource 'VM_global_library.vm'
2017-01-04 12:37:44,877 - Velocimacro :  VM library template macro registration complete.
2017-01-04 12:37:44,877 - Velocimacro : allowInline = true : VMs can be defined inline in templates
2017-01-04 12:37:44,877 - Velocimacro : allowInlineToOverride = false : VMs defined inline may NOT replace previous VM definitions
2017-01-04 12:37:44,877 - Velocimacro : allowInlineLocal = false : VMs defined inline will be  global in scope if allowed.
2017-01-04 12:37:44,877 - Velocimacro : messages on  : VM system will output logging messages
2017-01-04 12:37:44,877 - Velocimacro : autoload off  : VM system will not automatically reload global library macros
2017-01-04 12:37:44,877 - Velocimacro : initialization complete.
2017-01-04 12:37:44,877 - Velocity successfully started.
2017-01-04 12:40:35,884 - SimpleLog4JLogSystem initialized using logfile 'velocity.log'
2017-01-04 12:40:35,885 - ************************************************************** 
2017-01-04 12:40:35,885 - Starting Jakarta Velocity v1.4
2017-01-04 12:40:35,885 - RuntimeInstance initializing.
2017-01-04 12:40:35,885 - Default Properties File: org\apache\velocity\runtime\defaults\velocity.properties
2017-01-04 12:40:35,885 - Trying to use logger class org.apache.velocity.runtime.log.SimpleLog4JLogSystem
2017-01-04 12:40:35,885 - Using logger class org.apache.velocity.runtime.log.SimpleLog4JLogSystem
2017-01-04 12:40:35,889 - Default ResourceManager initializing. (class org.apache.velocity.runtime.resource.ResourceManagerImpl)
2017-01-04 12:40:35,893 - Resource Loader Instantiated: org.apache.velocity.runtime.resource.loader.ClasspathResourceLoader
2017-01-04 12:40:35,893 - ClasspathResourceLoader : initialization starting.
2017-01-04 12:40:35,893 - ClasspathResourceLoader : initialization complete.
2017-01-04 12:40:35,895 - ResourceCache : initialized. (class org.apache.velocity.runtime.resource.ResourceCacheImpl)
2017-01-04 12:40:35,895 - Default ResourceManager initialization complete.
2017-01-04 12:40:35,899 - Loaded System Directive: org.apache.velocity.runtime.directive.Literal
2017-01-04 12:40:35,901 - Loaded System Directive: org.apache.velocity.runtime.directive.Macro
2017-01-04 12:40:35,905 - Loaded System Directive: org.apache.velocity.runtime.directive.Parse
2017-01-04 12:40:35,908 - Loaded System Directive: org.apache.velocity.runtime.directive.Include
2017-01-04 12:40:35,909 - Loaded System Directive: org.apache.velocity.runtime.directive.Foreach
2017-01-04 12:40:35,943 - Created: 20 parsers.
2017-01-04 12:40:35,957 - Velocimacro : initialization starting.
2017-01-04 12:40:35,957 - Velocimacro : adding VMs from VM library template : VM_global_library.vm
2017-01-04 12:40:35,967 - ResourceManager : unable to find resource 'VM_global_library.vm' in any resource loader.
2017-01-04 12:40:35,967 - Velocimacro : error using  VM library template VM_global_library.vm : org.apache.velocity.exception.ResourceNotFoundException: Unable to find resource 'VM_global_library.vm'
2017-01-04 12:40:35,967 - Velocimacro :  VM library template macro registration complete.
2017-01-04 12:40:35,967 - Velocimacro : allowInline = true : VMs can be defined inline in templates
2017-01-04 12:40:35,967 - Velocimacro : allowInlineToOverride = false : VMs defined inline may NOT replace previous VM definitions
2017-01-04 12:40:35,967 - Velocimacro : allowInlineLocal = false : VMs defined inline will be  global in scope if allowed.
2017-01-04 12:40:35,967 - Velocimacro : messages on  : VM system will output logging messages
2017-01-04 12:40:35,967 - Velocimacro : autoload off  : VM system will not automatically reload global library macros
2017-01-04 12:40:35,967 - Velocimacro : initialization complete.
2017-01-04 12:40:35,967 - Velocity successfully started.
2017-01-04 12:44:44,691 - SimpleLog4JLogSystem initialized using logfile 'velocity.log'
2017-01-04 12:44:44,692 - ************************************************************** 
2017-01-04 12:44:44,692 - Starting Jakarta Velocity v1.4
2017-01-04 12:44:44,692 - RuntimeInstance initializing.
2017-01-04 12:44:44,692 - Default Properties File: org\apache\velocity\runtime\defaults\velocity.properties
2017-01-04 12:44:44,692 - Trying to use logger class org.apache.velocity.runtime.log.SimpleLog4JLogSystem
2017-01-04 12:44:44,692 - Using logger class org.apache.velocity.runtime.log.SimpleLog4JLogSystem
2017-01-04 12:44:44,696 - Default ResourceManager initializing. (class org.apache.velocity.runtime.resource.ResourceManagerImpl)
2017-01-04 12:44:44,700 - Resource Loader Instantiated: org.apache.velocity.runtime.resource.loader.ClasspathResourceLoader
2017-01-04 12:44:44,700 - ClasspathResourceLoader : initialization starting.
2017-01-04 12:44:44,700 - ClasspathResourceLoader : initialization complete.
2017-01-04 12:44:44,703 - ResourceCache : initialized. (class org.apache.velocity.runtime.resource.ResourceCacheImpl)
2017-01-04 12:44:44,703 - Default ResourceManager initialization complete.
2017-01-04 12:44:44,706 - Loaded System Directive: org.apache.velocity.runtime.directive.Literal
2017-01-04 12:44:44,709 - Loaded System Directive: org.apache.velocity.runtime.directive.Macro
2017-01-04 12:44:44,712 - Loaded System Directive: org.apache.velocity.runtime.directive.Parse
2017-01-04 12:44:44,715 - Loaded System Directive: org.apache.velocity.runtime.directive.Include
2017-01-04 12:44:44,717 - Loaded System Directive: org.apache.velocity.runtime.directive.Foreach
2017-01-04 12:44:44,746 - Created: 20 parsers.
2017-01-04 12:44:44,758 - Velocimacro : initialization starting.
2017-01-04 12:44:44,758 - Velocimacro : adding VMs from VM library template : VM_global_library.vm
2017-01-04 12:44:44,768 - ResourceManager : unable to find resource 'VM_global_library.vm' in any resource loader.
2017-01-04 12:44:44,768 - Velocimacro : error using  VM library template VM_global_library.vm : org.apache.velocity.exception.ResourceNotFoundException: Unable to find resource 'VM_global_library.vm'
2017-01-04 12:44:44,768 - Velocimacro :  VM library template macro registration complete.
2017-01-04 12:44:44,768 - Velocimacro : allowInline = true : VMs can be defined inline in templates
2017-01-04 12:44:44,768 - Velocimacro : allowInlineToOverride = false : VMs defined inline may NOT replace previous VM definitions
2017-01-04 12:44:44,768 - Velocimacro : allowInlineLocal = false : VMs defined inline will be  global in scope if allowed.
2017-01-04 12:44:44,768 - Velocimacro : messages on  : VM system will output logging messages
2017-01-04 12:44:44,768 - Velocimacro : autoload off  : VM system will not automatically reload global library macros
2017-01-04 12:44:44,768 - Velocimacro : initialization complete.
2017-01-04 12:44:44,768 - Velocity successfully started.
2017-01-04 12:55:21,637 - SimpleLog4JLogSystem initialized using logfile 'velocity.log'
2017-01-04 12:55:21,638 - ************************************************************** 
2017-01-04 12:55:21,638 - Starting Jakarta Velocity v1.4
2017-01-04 12:55:21,638 - RuntimeInstance initializing.
2017-01-04 12:55:21,638 - Default Properties File: org\apache\velocity\runtime\defaults\velocity.properties
2017-01-04 12:55:21,638 - Trying to use logger class org.apache.velocity.runtime.log.SimpleLog4JLogSystem
2017-01-04 12:55:21,638 - Using logger class org.apache.velocity.runtime.log.SimpleLog4JLogSystem
2017-01-04 12:55:21,640 - Default ResourceManager initializing. (class org.apache.velocity.runtime.resource.ResourceManagerImpl)
2017-01-04 12:55:21,642 - Resource Loader Instantiated: org.apache.velocity.runtime.resource.loader.ClasspathResourceLoader
2017-01-04 12:55:21,642 - ClasspathResourceLoader : initialization starting.
2017-01-04 12:55:21,643 - ClasspathResourceLoader : initialization complete.
2017-01-04 12:55:21,644 - ResourceCache : initialized. (class org.apache.velocity.runtime.resource.ResourceCacheImpl)
2017-01-04 12:55:21,644 - Default ResourceManager initialization complete.
2017-01-04 12:55:21,646 - Loaded System Directive: org.apache.velocity.runtime.directive.Literal
2017-01-04 12:55:21,648 - Loaded System Directive: org.apache.velocity.runtime.directive.Macro
2017-01-04 12:55:21,650 - Loaded System Directive: org.apache.velocity.runtime.directive.Parse
2017-01-04 12:55:21,652 - Loaded System Directive: org.apache.velocity.runtime.directive.Include
2017-01-04 12:55:21,652 - Loaded System Directive: org.apache.velocity.runtime.directive.Foreach
2017-01-04 12:55:21,675 - Created: 20 parsers.
2017-01-04 12:55:21,683 - Velocimacro : initialization starting.
2017-01-04 12:55:21,683 - Velocimacro : adding VMs from VM library template : VM_global_library.vm
2017-01-04 12:55:21,689 - ResourceManager : unable to find resource 'VM_global_library.vm' in any resource loader.
2017-01-04 12:55:21,689 - Velocimacro : error using  VM library template VM_global_library.vm : org.apache.velocity.exception.ResourceNotFoundException: Unable to find resource 'VM_global_library.vm'
2017-01-04 12:55:21,689 - Velocimacro :  VM library template macro registration complete.
2017-01-04 12:55:21,689 - Velocimacro : allowInline = true : VMs can be defined inline in templates
2017-01-04 12:55:21,689 - Velocimacro : allowInlineToOverride = false : VMs defined inline may NOT replace previous VM definitions
2017-01-04 12:55:21,689 - Velocimacro : allowInlineLocal = false : VMs defined inline will be  global in scope if allowed.
2017-01-04 12:55:21,689 - Velocimacro : messages on  : VM system will output logging messages
2017-01-04 12:55:21,689 - Velocimacro : autoload off  : VM system will not automatically reload global library macros
2017-01-04 12:55:21,690 - Velocimacro : initialization complete.
2017-01-04 12:55:21,690 - Velocity successfully started.
2017-01-04 14:08:06,231 - SimpleLog4JLogSystem initialized using logfile 'velocity.log'
2017-01-04 14:08:06,232 - ************************************************************** 
2017-01-04 14:08:06,232 - Starting Jakarta Velocity v1.4
2017-01-04 14:08:06,232 - RuntimeInstance initializing.
2017-01-04 14:08:06,232 - Default Properties File: org\apache\velocity\runtime\defaults\velocity.properties
2017-01-04 14:08:06,232 - Trying to use logger class org.apache.velocity.runtime.log.SimpleLog4JLogSystem
2017-01-04 14:08:06,232 - Using logger class org.apache.velocity.runtime.log.SimpleLog4JLogSystem
2017-01-04 14:08:06,234 - Default ResourceManager initializing. (class org.apache.velocity.runtime.resource.ResourceManagerImpl)
2017-01-04 14:08:06,237 - Resource Loader Instantiated: org.apache.velocity.runtime.resource.loader.ClasspathResourceLoader
2017-01-04 14:08:06,237 - ClasspathResourceLoader : initialization starting.
2017-01-04 14:08:06,237 - ClasspathResourceLoader : initialization complete.
2017-01-04 14:08:06,238 - ResourceCache : initialized. (class org.apache.velocity.runtime.resource.ResourceCacheImpl)
2017-01-04 14:08:06,238 - Default ResourceManager initialization complete.
2017-01-04 14:08:06,240 - Loaded System Directive: org.apache.velocity.runtime.directive.Literal
2017-01-04 14:08:06,242 - Loaded System Directive: org.apache.velocity.runtime.directive.Macro
2017-01-04 14:08:06,244 - Loaded System Directive: org.apache.velocity.runtime.directive.Parse
2017-01-04 14:08:06,245 - Loaded System Directive: org.apache.velocity.runtime.directive.Include
2017-01-04 14:08:06,246 - Loaded System Directive: org.apache.velocity.runtime.directive.Foreach
2017-01-04 14:08:06,268 - Created: 20 parsers.
2017-01-04 14:08:06,274 - Velocimacro : initialization starting.
2017-01-04 14:08:06,274 - Velocimacro : adding VMs from VM library template : VM_global_library.vm
2017-01-04 14:08:06,280 - ResourceManager : unable to find resource 'VM_global_library.vm' in any resource loader.
2017-01-04 14:08:06,280 - Velocimacro : error using  VM library template VM_global_library.vm : org.apache.velocity.exception.ResourceNotFoundException: Unable to find resource 'VM_global_library.vm'
2017-01-04 14:08:06,280 - Velocimacro :  VM library template macro registration complete.
2017-01-04 14:08:06,281 - Velocimacro : allowInline = true : VMs can be defined inline in templates
2017-01-04 14:08:06,281 - Velocimacro : allowInlineToOverride = false : VMs defined inline may NOT replace previous VM definitions
2017-01-04 14:08:06,281 - Velocimacro : allowInlineLocal = false : VMs defined inline will be  global in scope if allowed.
2017-01-04 14:08:06,281 - Velocimacro : messages on  : VM system will output logging messages
2017-01-04 14:08:06,281 - Velocimacro : autoload off  : VM system will not automatically reload global library macros
2017-01-04 14:08:06,281 - Velocimacro : initialization complete.
2017-01-04 14:08:06,281 - Velocity successfully started.
2017-01-04 14:10:05,787 - SimpleLog4JLogSystem initialized using logfile 'velocity.log'
2017-01-04 14:10:05,787 - ************************************************************** 
2017-01-04 14:10:05,787 - Starting Jakarta Velocity v1.4
2017-01-04 14:10:05,787 - RuntimeInstance initializing.
2017-01-04 14:10:05,787 - Default Properties File: org\apache\velocity\runtime\defaults\velocity.properties
2017-01-04 14:10:05,787 - Trying to use logger class org.apache.velocity.runtime.log.SimpleLog4JLogSystem
2017-01-04 14:10:05,787 - Using logger class org.apache.velocity.runtime.log.SimpleLog4JLogSystem
2017-01-04 14:10:05,791 - Default ResourceManager initializing. (class org.apache.velocity.runtime.resource.ResourceManagerImpl)
2017-01-04 14:10:05,795 - Resource Loader Instantiated: org.apache.velocity.runtime.resource.loader.ClasspathResourceLoader
2017-01-04 14:10:05,795 - ClasspathResourceLoader : initialization starting.
2017-01-04 14:10:05,795 - ClasspathResourceLoader : initialization complete.
2017-01-04 14:10:05,798 - ResourceCache : initialized. (class org.apache.velocity.runtime.resource.ResourceCacheImpl)
2017-01-04 14:10:05,798 - Default ResourceManager initialization complete.
2017-01-04 14:10:05,802 - Loaded System Directive: org.apache.velocity.runtime.directive.Literal
2017-01-04 14:10:05,804 - Loaded System Directive: org.apache.velocity.runtime.directive.Macro
2017-01-04 14:10:05,809 - Loaded System Directive: org.apache.velocity.runtime.directive.Parse
2017-01-04 14:10:05,811 - Loaded System Directive: org.apache.velocity.runtime.directive.Include
2017-01-04 14:10:05,813 - Loaded System Directive: org.apache.velocity.runtime.directive.Foreach
2017-01-04 14:10:05,845 - Created: 20 parsers.
2017-01-04 14:10:05,857 - Velocimacro : initialization starting.
2017-01-04 14:10:05,857 - Velocimacro : adding VMs from VM library template : VM_global_library.vm
2017-01-04 14:10:05,867 - ResourceManager : unable to find resource 'VM_global_library.vm' in any resource loader.
2017-01-04 14:10:05,868 - Velocimacro : error using  VM library template VM_global_library.vm : org.apache.velocity.exception.ResourceNotFoundException: Unable to find resource 'VM_global_library.vm'
2017-01-04 14:10:05,868 - Velocimacro :  VM library template macro registration complete.
2017-01-04 14:10:05,868 - Velocimacro : allowInline = true : VMs can be defined inline in templates
2017-01-04 14:10:05,868 - Velocimacro : allowInlineToOverride = false : VMs defined inline may NOT replace previous VM definitions
2017-01-04 14:10:05,868 - Velocimacro : allowInlineLocal = false : VMs defined inline will be  global in scope if allowed.
2017-01-04 14:10:05,868 - Velocimacro : messages on  : VM system will output logging messages
2017-01-04 14:10:05,868 - Velocimacro : autoload off  : VM system will not automatically reload global library macros
2017-01-04 14:10:05,868 - Velocimacro : initialization complete.
2017-01-04 14:10:05,868 - Velocity successfully started.
2017-01-04 14:19:56,454 - SimpleLog4JLogSystem initialized using logfile 'velocity.log'
2017-01-04 14:19:56,454 - ************************************************************** 
2017-01-04 14:19:56,454 - Starting Jakarta Velocity v1.4
2017-01-04 14:19:56,454 - RuntimeInstance initializing.
2017-01-04 14:19:56,454 - Default Properties File: org\apache\velocity\runtime\defaults\velocity.properties
2017-01-04 14:19:56,454 - Trying to use logger class org.apache.velocity.runtime.log.SimpleLog4JLogSystem
2017-01-04 14:19:56,454 - Using logger class org.apache.velocity.runtime.log.SimpleLog4JLogSystem
2017-01-04 14:19:56,459 - Default ResourceManager initializing. (class org.apache.velocity.runtime.resource.ResourceManagerImpl)
2017-01-04 14:19:56,463 - Resource Loader Instantiated: org.apache.velocity.runtime.resource.loader.ClasspathResourceLoader
2017-01-04 14:19:56,463 - ClasspathResourceLoader : initialization starting.
2017-01-04 14:19:56,463 - ClasspathResourceLoader : initialization complete.
2017-01-04 14:19:56,465 - ResourceCache : initialized. (class org.apache.velocity.runtime.resource.ResourceCacheImpl)
2017-01-04 14:19:56,465 - Default ResourceManager initialization complete.
2017-01-04 14:19:56,469 - Loaded System Directive: org.apache.velocity.runtime.directive.Literal
2017-01-04 14:19:56,471 - Loaded System Directive: org.apache.velocity.runtime.directive.Macro
2017-01-04 14:19:56,475 - Loaded System Directive: org.apache.velocity.runtime.directive.Parse
2017-01-04 14:19:56,478 - Loaded System Directive: org.apache.velocity.runtime.directive.Include
2017-01-04 14:19:56,479 - Loaded System Directive: org.apache.velocity.runtime.directive.Foreach
2017-01-04 14:19:56,510 - Created: 20 parsers.
2017-01-04 14:19:56,522 - Velocimacro : initialization starting.
2017-01-04 14:19:56,522 - Velocimacro : adding VMs from VM library template : VM_global_library.vm
2017-01-04 14:19:56,532 - ResourceManager : unable to find resource 'VM_global_library.vm' in any resource loader.
2017-01-04 14:19:56,532 - Velocimacro : error using  VM library template VM_global_library.vm : org.apache.velocity.exception.ResourceNotFoundException: Unable to find resource 'VM_global_library.vm'
2017-01-04 14:19:56,532 - Velocimacro :  VM library template macro registration complete.
2017-01-04 14:19:56,532 - Velocimacro : allowInline = true : VMs can be defined inline in templates
2017-01-04 14:19:56,532 - Velocimacro : allowInlineToOverride = false : VMs defined inline may NOT replace previous VM definitions
2017-01-04 14:19:56,533 - Velocimacro : allowInlineLocal = false : VMs defined inline will be  global in scope if allowed.
2017-01-04 14:19:56,533 - Velocimacro : messages on  : VM system will output logging messages
2017-01-04 14:19:56,533 - Velocimacro : autoload off  : VM system will not automatically reload global library macros
2017-01-04 14:19:56,533 - Velocimacro : initialization complete.
2017-01-04 14:19:56,533 - Velocity successfully started.
2017-01-04 14:26:54,821 - SimpleLog4JLogSystem initialized using logfile 'velocity.log'
2017-01-04 14:26:54,821 - ************************************************************** 
2017-01-04 14:26:54,821 - Starting Jakarta Velocity v1.4
2017-01-04 14:26:54,821 - RuntimeInstance initializing.
2017-01-04 14:26:54,821 - Default Properties File: org\apache\velocity\runtime\defaults\velocity.properties
2017-01-04 14:26:54,821 - Trying to use logger class org.apache.velocity.runtime.log.SimpleLog4JLogSystem
2017-01-04 14:26:54,821 - Using logger class org.apache.velocity.runtime.log.SimpleLog4JLogSystem
2017-01-04 14:26:54,823 - Default ResourceManager initializing. (class org.apache.velocity.runtime.resource.ResourceManagerImpl)
2017-01-04 14:26:54,826 - Resource Loader Instantiated: org.apache.velocity.runtime.resource.loader.ClasspathResourceLoader
2017-01-04 14:26:54,826 - ClasspathResourceLoader : initialization starting.
2017-01-04 14:26:54,826 - ClasspathResourceLoader : initialization complete.
2017-01-04 14:26:54,827 - ResourceCache : initialized. (class org.apache.velocity.runtime.resource.ResourceCacheImpl)
2017-01-04 14:26:54,827 - Default ResourceManager initialization complete.
2017-01-04 14:26:54,829 - Loaded System Directive: org.apache.velocity.runtime.directive.Literal
2017-01-04 14:26:54,831 - Loaded System Directive: org.apache.velocity.runtime.directive.Macro
2017-01-04 14:26:54,833 - Loaded System Directive: org.apache.velocity.runtime.directive.Parse
2017-01-04 14:26:54,834 - Loaded System Directive: org.apache.velocity.runtime.directive.Include
2017-01-04 14:26:54,835 - Loaded System Directive: org.apache.velocity.runtime.directive.Foreach
2017-01-04 14:26:54,855 - Created: 20 parsers.
2017-01-04 14:26:54,862 - Velocimacro : initialization starting.
2017-01-04 14:26:54,862 - Velocimacro : adding VMs from VM library template : VM_global_library.vm
2017-01-04 14:26:54,868 - ResourceManager : unable to find resource 'VM_global_library.vm' in any resource loader.
2017-01-04 14:26:54,868 - Velocimacro : error using  VM library template VM_global_library.vm : org.apache.velocity.exception.ResourceNotFoundException: Unable to find resource 'VM_global_library.vm'
2017-01-04 14:26:54,868 - Velocimacro :  VM library template macro registration complete.
2017-01-04 14:26:54,868 - Velocimacro : allowInline = true : VMs can be defined inline in templates
2017-01-04 14:26:54,868 - Velocimacro : allowInlineToOverride = false : VMs defined inline may NOT replace previous VM definitions
2017-01-04 14:26:54,868 - Velocimacro : allowInlineLocal = false : VMs defined inline will be  global in scope if allowed.
2017-01-04 14:26:54,868 - Velocimacro : messages on  : VM system will output logging messages
2017-01-04 14:26:54,868 - Velocimacro : autoload off  : VM system will not automatically reload global library macros
2017-01-04 14:26:54,868 - Velocimacro : initialization complete.
2017-01-04 14:26:54,868 - Velocity successfully started.
2017-01-04 14:28:28,406 - SimpleLog4JLogSystem initialized using logfile 'velocity.log'
2017-01-04 14:28:28,406 - ************************************************************** 
2017-01-04 14:28:28,406 - Starting Jakarta Velocity v1.4
2017-01-04 14:28:28,406 - RuntimeInstance initializing.
2017-01-04 14:28:28,406 - Default Properties File: org\apache\velocity\runtime\defaults\velocity.properties
2017-01-04 14:28:28,406 - Trying to use logger class org.apache.velocity.runtime.log.SimpleLog4JLogSystem
2017-01-04 14:28:28,406 - Using logger class org.apache.velocity.runtime.log.SimpleLog4JLogSystem
2017-01-04 14:28:28,410 - Default ResourceManager initializing. (class org.apache.velocity.runtime.resource.ResourceManagerImpl)
2017-01-04 14:28:28,414 - Resource Loader Instantiated: org.apache.velocity.runtime.resource.loader.ClasspathResourceLoader
2017-01-04 14:28:28,414 - ClasspathResourceLoader : initialization starting.
2017-01-04 14:28:28,414 - ClasspathResourceLoader : initialization complete.
2017-01-04 14:28:28,417 - ResourceCache : initialized. (class org.apache.velocity.runtime.resource.ResourceCacheImpl)
2017-01-04 14:28:28,417 - Default ResourceManager initialization complete.
2017-01-04 14:28:28,420 - Loaded System Directive: org.apache.velocity.runtime.directive.Literal
2017-01-04 14:28:28,423 - Loaded System Directive: org.apache.velocity.runtime.directive.Macro
2017-01-04 14:28:28,427 - Loaded System Directive: org.apache.velocity.runtime.directive.Parse
2017-01-04 14:28:28,429 - Loaded System Directive: org.apache.velocity.runtime.directive.Include
2017-01-04 14:28:28,430 - Loaded System Directive: org.apache.velocity.runtime.directive.Foreach
2017-01-04 14:28:28,458 - Created: 20 parsers.
2017-01-04 14:28:28,471 - Velocimacro : initialization starting.
2017-01-04 14:28:28,471 - Velocimacro : adding VMs from VM library template : VM_global_library.vm
2017-01-04 14:28:28,481 - ResourceManager : unable to find resource 'VM_global_library.vm' in any resource loader.
2017-01-04 14:28:28,481 - Velocimacro : error using  VM library template VM_global_library.vm : org.apache.velocity.exception.ResourceNotFoundException: Unable to find resource 'VM_global_library.vm'
2017-01-04 14:28:28,481 - Velocimacro :  VM library template macro registration complete.
2017-01-04 14:28:28,481 - Velocimacro : allowInline = true : VMs can be defined inline in templates
2017-01-04 14:28:28,481 - Velocimacro : allowInlineToOverride = false : VMs defined inline may NOT replace previous VM definitions
2017-01-04 14:28:28,481 - Velocimacro : allowInlineLocal = false : VMs defined inline will be  global in scope if allowed.
2017-01-04 14:28:28,481 - Velocimacro : messages on  : VM system will output logging messages
2017-01-04 14:28:28,481 - Velocimacro : autoload off  : VM system will not automatically reload global library macros
2017-01-04 14:28:28,481 - Velocimacro : initialization complete.
2017-01-04 14:28:28,481 - Velocity successfully started.
2017-01-04 14:42:46,758 - SimpleLog4JLogSystem initialized using logfile 'velocity.log'
2017-01-04 14:42:46,758 - ************************************************************** 
2017-01-04 14:42:46,758 - Starting Jakarta Velocity v1.4
2017-01-04 14:42:46,758 - RuntimeInstance initializing.
2017-01-04 14:42:46,759 - Default Properties File: org\apache\velocity\runtime\defaults\velocity.properties
2017-01-04 14:42:46,759 - Trying to use logger class org.apache.velocity.runtime.log.SimpleLog4JLogSystem
2017-01-04 14:42:46,759 - Using logger class org.apache.velocity.runtime.log.SimpleLog4JLogSystem
2017-01-04 14:42:46,763 - Default ResourceManager initializing. (class org.apache.velocity.runtime.resource.ResourceManagerImpl)
2017-01-04 14:42:46,767 - Resource Loader Instantiated: org.apache.velocity.runtime.resource.loader.ClasspathResourceLoader
2017-01-04 14:42:46,767 - ClasspathResourceLoader : initialization starting.
2017-01-04 14:42:46,767 - ClasspathResourceLoader : initialization complete.
2017-01-04 14:42:46,770 - ResourceCache : initialized. (class org.apache.velocity.runtime.resource.ResourceCacheImpl)
2017-01-04 14:42:46,770 - Default ResourceManager initialization complete.
2017-01-04 14:42:46,773 - Loaded System Directive: org.apache.velocity.runtime.directive.Literal
2017-01-04 14:42:46,776 - Loaded System Directive: org.apache.velocity.runtime.directive.Macro
2017-01-04 14:42:46,780 - Loaded System Directive: org.apache.velocity.runtime.directive.Parse
2017-01-04 14:42:46,783 - Loaded System Directive: org.apache.velocity.runtime.directive.Include
2017-01-04 14:42:46,784 - Loaded System Directive: org.apache.velocity.runtime.directive.Foreach
2017-01-04 14:42:46,813 - Created: 20 parsers.
2017-01-04 14:42:46,825 - Velocimacro : initialization starting.
2017-01-04 14:42:46,825 - Velocimacro : adding VMs from VM library template : VM_global_library.vm
2017-01-04 14:42:46,835 - ResourceManager : unable to find resource 'VM_global_library.vm' in any resource loader.
2017-01-04 14:42:46,835 - Velocimacro : error using  VM library template VM_global_library.vm : org.apache.velocity.exception.ResourceNotFoundException: Unable to find resource 'VM_global_library.vm'
2017-01-04 14:42:46,835 - Velocimacro :  VM library template macro registration complete.
2017-01-04 14:42:46,835 - Velocimacro : allowInline = true : VMs can be defined inline in templates
2017-01-04 14:42:46,835 - Velocimacro : allowInlineToOverride = false : VMs defined inline may NOT replace previous VM definitions
2017-01-04 14:42:46,835 - Velocimacro : allowInlineLocal = false : VMs defined inline will be  global in scope if allowed.
2017-01-04 14:42:46,835 - Velocimacro : messages on  : VM system will output logging messages
2017-01-04 14:42:46,835 - Velocimacro : autoload off  : VM system will not automatically reload global library macros
2017-01-04 14:42:46,835 - Velocimacro : initialization complete.
2017-01-04 14:42:46,835 - Velocity successfully started.
2017-01-04 14:51:13,653 - SimpleLog4JLogSystem initialized using logfile 'velocity.log'
2017-01-04 14:51:13,653 - ************************************************************** 
2017-01-04 14:51:13,653 - Starting Jakarta Velocity v1.4
2017-01-04 14:51:13,653 - RuntimeInstance initializing.
2017-01-04 14:51:13,653 - Default Properties File: org\apache\velocity\runtime\defaults\velocity.properties
2017-01-04 14:51:13,653 - Trying to use logger class org.apache.velocity.runtime.log.SimpleLog4JLogSystem
2017-01-04 14:51:13,653 - Using logger class org.apache.velocity.runtime.log.SimpleLog4JLogSystem
2017-01-04 14:51:13,657 - Default ResourceManager initializing. (class org.apache.velocity.runtime.resource.ResourceManagerImpl)
2017-01-04 14:51:13,661 - Resource Loader Instantiated: org.apache.velocity.runtime.resource.loader.ClasspathResourceLoader
2017-01-04 14:51:13,661 - ClasspathResourceLoader : initialization starting.
2017-01-04 14:51:13,661 - ClasspathResourceLoader : initialization complete.
2017-01-04 14:51:13,664 - ResourceCache : initialized. (class org.apache.velocity.runtime.resource.ResourceCacheImpl)
2017-01-04 14:51:13,664 - Default ResourceManager initialization complete.
2017-01-04 14:51:13,667 - Loaded System Directive: org.apache.velocity.runtime.directive.Literal
2017-01-04 14:51:13,672 - Loaded System Directive: org.apache.velocity.runtime.directive.Macro
2017-01-04 14:51:13,677 - Loaded System Directive: org.apache.velocity.runtime.directive.Parse
2017-01-04 14:51:13,679 - Loaded System Directive: org.apache.velocity.runtime.directive.Include
2017-01-04 14:51:13,681 - Loaded System Directive: org.apache.velocity.runtime.directive.Foreach
2017-01-04 14:51:13,710 - Created: 20 parsers.
2017-01-04 14:51:13,722 - Velocimacro : initialization starting.
2017-01-04 14:51:13,723 - Velocimacro : adding VMs from VM library template : VM_global_library.vm
2017-01-04 14:51:13,733 - ResourceManager : unable to find resource 'VM_global_library.vm' in any resource loader.
2017-01-04 14:51:13,733 - Velocimacro : error using  VM library template VM_global_library.vm : org.apache.velocity.exception.ResourceNotFoundException: Unable to find resource 'VM_global_library.vm'
2017-01-04 14:51:13,733 - Velocimacro :  VM library template macro registration complete.
2017-01-04 14:51:13,733 - Velocimacro : allowInline = true : VMs can be defined inline in templates
2017-01-04 14:51:13,733 - Velocimacro : allowInlineToOverride = false : VMs defined inline may NOT replace previous VM definitions
2017-01-04 14:51:13,733 - Velocimacro : allowInlineLocal = false : VMs defined inline will be  global in scope if allowed.
2017-01-04 14:51:13,733 - Velocimacro : messages on  : VM system will output logging messages
2017-01-04 14:51:13,733 - Velocimacro : autoload off  : VM system will not automatically reload global library macros
2017-01-04 14:51:13,733 - Velocimacro : initialization complete.
2017-01-04 14:51:13,733 - Velocity successfully started.
2017-01-04 14:51:40,247 - SimpleLog4JLogSystem initialized using logfile 'velocity.log'
2017-01-04 14:51:40,247 - ************************************************************** 
2017-01-04 14:51:40,247 - Starting Jakarta Velocity v1.4
2017-01-04 14:51:40,247 - RuntimeInstance initializing.
2017-01-04 14:51:40,247 - Default Properties File: org\apache\velocity\runtime\defaults\velocity.properties
2017-01-04 14:51:40,247 - Trying to use logger class org.apache.velocity.runtime.log.SimpleLog4JLogSystem
2017-01-04 14:51:40,247 - Using logger class org.apache.velocity.runtime.log.SimpleLog4JLogSystem
2017-01-04 14:51:40,252 - Default ResourceManager initializing. (class org.apache.velocity.runtime.resource.ResourceManagerImpl)
2017-01-04 14:51:40,255 - Resource Loader Instantiated: org.apache.velocity.runtime.resource.loader.ClasspathResourceLoader
2017-01-04 14:51:40,256 - ClasspathResourceLoader : initialization starting.
2017-01-04 14:51:40,256 - ClasspathResourceLoader : initialization complete.
2017-01-04 14:51:40,258 - ResourceCache : initialized. (class org.apache.velocity.runtime.resource.ResourceCacheImpl)
2017-01-04 14:51:40,258 - Default ResourceManager initialization complete.
2017-01-04 14:51:40,262 - Loaded System Directive: org.apache.velocity.runtime.directive.Literal
2017-01-04 14:51:40,264 - Loaded System Directive: org.apache.velocity.runtime.directive.Macro
2017-01-04 14:51:40,268 - Loaded System Directive: org.apache.velocity.runtime.directive.Parse
2017-01-04 14:51:40,271 - Loaded System Directive: org.apache.velocity.runtime.directive.Include
2017-01-04 14:51:40,272 - Loaded System Directive: org.apache.velocity.runtime.directive.Foreach
2017-01-04 14:51:40,301 - Created: 20 parsers.
2017-01-04 14:51:40,315 - Velocimacro : initialization starting.
2017-01-04 14:51:40,315 - Velocimacro : adding VMs from VM library template : VM_global_library.vm
2017-01-04 14:51:40,325 - ResourceManager : unable to find resource 'VM_global_library.vm' in any resource loader.
2017-01-04 14:51:40,325 - Velocimacro : error using  VM library template VM_global_library.vm : org.apache.velocity.exception.ResourceNotFoundException: Unable to find resource 'VM_global_library.vm'
2017-01-04 14:51:40,325 - Velocimacro :  VM library template macro registration complete.
2017-01-04 14:51:40,325 - Velocimacro : allowInline = true : VMs can be defined inline in templates
2017-01-04 14:51:40,325 - Velocimacro : allowInlineToOverride = false : VMs defined inline may NOT replace previous VM definitions
2017-01-04 14:51:40,326 - Velocimacro : allowInlineLocal = false : VMs defined inline will be  global in scope if allowed.
2017-01-04 14:51:40,326 - Velocimacro : messages on  : VM system will output logging messages
2017-01-04 14:51:40,326 - Velocimacro : autoload off  : VM system will not automatically reload global library macros
2017-01-04 14:51:40,326 - Velocimacro : initialization complete.
2017-01-04 14:51:40,326 - Velocity successfully started.
2017-01-04 15:03:24,864 - SimpleLog4JLogSystem initialized using logfile 'velocity.log'
2017-01-04 15:03:24,864 - ************************************************************** 
2017-01-04 15:03:24,864 - Starting Jakarta Velocity v1.4
2017-01-04 15:03:24,864 - RuntimeInstance initializing.
2017-01-04 15:03:24,864 - Default Properties File: org\apache\velocity\runtime\defaults\velocity.properties
2017-01-04 15:03:24,864 - Trying to use logger class org.apache.velocity.runtime.log.SimpleLog4JLogSystem
2017-01-04 15:03:24,864 - Using logger class org.apache.velocity.runtime.log.SimpleLog4JLogSystem
2017-01-04 15:03:24,867 - Default ResourceManager initializing. (class org.apache.velocity.runtime.resource.ResourceManagerImpl)
2017-01-04 15:03:24,869 - Resource Loader Instantiated: org.apache.velocity.runtime.resource.loader.ClasspathResourceLoader
2017-01-04 15:03:24,869 - ClasspathResourceLoader : initialization starting.
2017-01-04 15:03:24,869 - ClasspathResourceLoader : initialization complete.
2017-01-04 15:03:24,870 - ResourceCache : initialized. (class org.apache.velocity.runtime.resource.ResourceCacheImpl)
2017-01-04 15:03:24,871 - Default ResourceManager initialization complete.
2017-01-04 15:03:24,873 - Loaded System Directive: org.apache.velocity.runtime.directive.Literal
2017-01-04 15:03:24,874 - Loaded System Directive: org.apache.velocity.runtime.directive.Macro
2017-01-04 15:03:24,876 - Loaded System Directive: org.apache.velocity.runtime.directive.Parse
2017-01-04 15:03:24,878 - Loaded System Directive: org.apache.velocity.runtime.directive.Include
2017-01-04 15:03:24,879 - Loaded System Directive: org.apache.velocity.runtime.directive.Foreach
2017-01-04 15:03:24,899 - Created: 20 parsers.
2017-01-04 15:03:24,905 - Velocimacro : initialization starting.
2017-01-04 15:03:24,905 - Velocimacro : adding VMs from VM library template : VM_global_library.vm
2017-01-04 15:03:24,912 - ResourceManager : unable to find resource 'VM_global_library.vm' in any resource loader.
2017-01-04 15:03:24,912 - Velocimacro : error using  VM library template VM_global_library.vm : org.apache.velocity.exception.ResourceNotFoundException: Unable to find resource 'VM_global_library.vm'
2017-01-04 15:03:24,912 - Velocimacro :  VM library template macro registration complete.
2017-01-04 15:03:24,912 - Velocimacro : allowInline = true : VMs can be defined inline in templates
2017-01-04 15:03:24,912 - Velocimacro : allowInlineToOverride = false : VMs defined inline may NOT replace previous VM definitions
2017-01-04 15:03:24,912 - Velocimacro : allowInlineLocal = false : VMs defined inline will be  global in scope if allowed.
2017-01-04 15:03:24,912 - Velocimacro : messages on  : VM system will output logging messages
2017-01-04 15:03:24,912 - Velocimacro : autoload off  : VM system will not automatically reload global library macros
2017-01-04 15:03:24,912 - Velocimacro : initialization complete.
2017-01-04 15:03:24,912 - Velocity successfully started.
2017-01-04 15:19:29,192 - SimpleLog4JLogSystem initialized using logfile 'velocity.log'
2017-01-04 15:19:29,193 - ************************************************************** 
2017-01-04 15:19:29,193 - Starting Jakarta Velocity v1.4
2017-01-04 15:19:29,193 - RuntimeInstance initializing.
2017-01-04 15:19:29,193 - Default Properties File: org\apache\velocity\runtime\defaults\velocity.properties
2017-01-04 15:19:29,193 - Trying to use logger class org.apache.velocity.runtime.log.SimpleLog4JLogSystem
2017-01-04 15:19:29,193 - Using logger class org.apache.velocity.runtime.log.SimpleLog4JLogSystem
2017-01-04 15:19:29,195 - Default ResourceManager initializing. (class org.apache.velocity.runtime.resource.ResourceManagerImpl)
2017-01-04 15:19:29,197 - Resource Loader Instantiated: org.apache.velocity.runtime.resource.loader.ClasspathResourceLoader
2017-01-04 15:19:29,197 - ClasspathResourceLoader : initialization starting.
2017-01-04 15:19:29,197 - ClasspathResourceLoader : initialization complete.
2017-01-04 15:19:29,199 - ResourceCache : initialized. (class org.apache.velocity.runtime.resource.ResourceCacheImpl)
2017-01-04 15:19:29,199 - Default ResourceManager initialization complete.
2017-01-04 15:19:29,201 - Loaded System Directive: org.apache.velocity.runtime.directive.Literal
2017-01-04 15:19:29,202 - Loaded System Directive: org.apache.velocity.runtime.directive.Macro
2017-01-04 15:19:29,205 - Loaded System Directive: org.apache.velocity.runtime.directive.Parse
2017-01-04 15:19:29,206 - Loaded System Directive: org.apache.velocity.runtime.directive.Include
2017-01-04 15:19:29,207 - Loaded System Directive: org.apache.velocity.runtime.directive.Foreach
2017-01-04 15:19:29,227 - Created: 20 parsers.
2017-01-04 15:19:29,233 - Velocimacro : initialization starting.
2017-01-04 15:19:29,233 - Velocimacro : adding VMs from VM library template : VM_global_library.vm
2017-01-04 15:19:29,239 - ResourceManager : unable to find resource 'VM_global_library.vm' in any resource loader.
2017-01-04 15:19:29,240 - Velocimacro : error using  VM library template VM_global_library.vm : org.apache.velocity.exception.ResourceNotFoundException: Unable to find resource 'VM_global_library.vm'
2017-01-04 15:19:29,240 - Velocimacro :  VM library template macro registration complete.
2017-01-04 15:19:29,240 - Velocimacro : allowInline = true : VMs can be defined inline in templates
2017-01-04 15:19:29,240 - Velocimacro : allowInlineToOverride = false : VMs defined inline may NOT replace previous VM definitions
2017-01-04 15:19:29,240 - Velocimacro : allowInlineLocal = false : VMs defined inline will be  global in scope if allowed.
2017-01-04 15:19:29,240 - Velocimacro : messages on  : VM system will output logging messages
2017-01-04 15:19:29,240 - Velocimacro : autoload off  : VM system will not automatically reload global library macros
2017-01-04 15:19:29,240 - Velocimacro : initialization complete.
2017-01-04 15:19:29,240 - Velocity successfully started.
2017-01-04 15:46:49,528 - SimpleLog4JLogSystem initialized using logfile 'velocity.log'
2017-01-04 15:46:49,529 - ************************************************************** 
2017-01-04 15:46:49,529 - Starting Jakarta Velocity v1.4
2017-01-04 15:46:49,529 - RuntimeInstance initializing.
2017-01-04 15:46:49,529 - Default Properties File: org\apache\velocity\runtime\defaults\velocity.properties
2017-01-04 15:46:49,529 - Trying to use logger class org.apache.velocity.runtime.log.SimpleLog4JLogSystem
2017-01-04 15:46:49,529 - Using logger class org.apache.velocity.runtime.log.SimpleLog4JLogSystem
2017-01-04 15:46:49,533 - Default ResourceManager initializing. (class org.apache.velocity.runtime.resource.ResourceManagerImpl)
2017-01-04 15:46:49,537 - Resource Loader Instantiated: org.apache.velocity.runtime.resource.loader.ClasspathResourceLoader
2017-01-04 15:46:49,537 - ClasspathResourceLoader : initialization starting.
2017-01-04 15:46:49,537 - ClasspathResourceLoader : initialization complete.
2017-01-04 15:46:49,540 - ResourceCache : initialized. (class org.apache.velocity.runtime.resource.ResourceCacheImpl)
2017-01-04 15:46:49,540 - Default ResourceManager initialization complete.
2017-01-04 15:46:49,543 - Loaded System Directive: org.apache.velocity.runtime.directive.Literal
2017-01-04 15:46:49,546 - Loaded System Directive: org.apache.velocity.runtime.directive.Macro
2017-01-04 15:46:49,550 - Loaded System Directive: org.apache.velocity.runtime.directive.Parse
2017-01-04 15:46:49,552 - Loaded System Directive: org.apache.velocity.runtime.directive.Include
2017-01-04 15:46:49,554 - Loaded System Directive: org.apache.velocity.runtime.directive.Foreach
2017-01-04 15:46:49,585 - Created: 20 parsers.
2017-01-04 15:46:49,597 - Velocimacro : initialization starting.
2017-01-04 15:46:49,597 - Velocimacro : adding VMs from VM library template : VM_global_library.vm
2017-01-04 15:46:49,607 - ResourceManager : unable to find resource 'VM_global_library.vm' in any resource loader.
2017-01-04 15:46:49,607 - Velocimacro : error using  VM library template VM_global_library.vm : org.apache.velocity.exception.ResourceNotFoundException: Unable to find resource 'VM_global_library.vm'
2017-01-04 15:46:49,607 - Velocimacro :  VM library template macro registration complete.
2017-01-04 15:46:49,607 - Velocimacro : allowInline = true : VMs can be defined inline in templates
2017-01-04 15:46:49,607 - Velocimacro : allowInlineToOverride = false : VMs defined inline may NOT replace previous VM definitions
2017-01-04 15:46:49,607 - Velocimacro : allowInlineLocal = false : VMs defined inline will be  global in scope if allowed.
2017-01-04 15:46:49,607 - Velocimacro : messages on  : VM system will output logging messages
2017-01-04 15:46:49,607 - Velocimacro : autoload off  : VM system will not automatically reload global library macros
2017-01-04 15:46:49,607 - Velocimacro : initialization complete.
2017-01-04 15:46:49,607 - Velocity successfully started.
2017-01-04 16:22:00,842 - SimpleLog4JLogSystem initialized using logfile 'velocity.log'
2017-01-04 16:22:00,842 - ************************************************************** 
2017-01-04 16:22:00,843 - Starting Jakarta Velocity v1.4
2017-01-04 16:22:00,843 - RuntimeInstance initializing.
2017-01-04 16:22:00,843 - Default Properties File: org\apache\velocity\runtime\defaults\velocity.properties
2017-01-04 16:22:00,843 - Trying to use logger class org.apache.velocity.runtime.log.SimpleLog4JLogSystem
2017-01-04 16:22:00,843 - Using logger class org.apache.velocity.runtime.log.SimpleLog4JLogSystem
2017-01-04 16:22:00,845 - Default ResourceManager initializing. (class org.apache.velocity.runtime.resource.ResourceManagerImpl)
2017-01-04 16:22:00,848 - Resource Loader Instantiated: org.apache.velocity.runtime.resource.loader.ClasspathResourceLoader
2017-01-04 16:22:00,848 - ClasspathResourceLoader : initialization starting.
2017-01-04 16:22:00,848 - ClasspathResourceLoader : initialization complete.
2017-01-04 16:22:00,849 - ResourceCache : initialized. (class org.apache.velocity.runtime.resource.ResourceCacheImpl)
2017-01-04 16:22:00,849 - Default ResourceManager initialization complete.
2017-01-04 16:22:00,852 - Loaded System Directive: org.apache.velocity.runtime.directive.Literal
2017-01-04 16:22:00,854 - Loaded System Directive: org.apache.velocity.runtime.directive.Macro
2017-01-04 16:22:00,856 - Loaded System Directive: org.apache.velocity.runtime.directive.Parse
2017-01-04 16:22:00,857 - Loaded System Directive: org.apache.velocity.runtime.directive.Include
2017-01-04 16:22:00,858 - Loaded System Directive: org.apache.velocity.runtime.directive.Foreach
2017-01-04 16:22:00,881 - Created: 20 parsers.
2017-01-04 16:22:00,889 - Velocimacro : initialization starting.
2017-01-04 16:22:00,889 - Velocimacro : adding VMs from VM library template : VM_global_library.vm
2017-01-04 16:22:00,897 - ResourceManager : unable to find resource 'VM_global_library.vm' in any resource loader.
2017-01-04 16:22:00,897 - Velocimacro : error using  VM library template VM_global_library.vm : org.apache.velocity.exception.ResourceNotFoundException: Unable to find resource 'VM_global_library.vm'
2017-01-04 16:22:00,897 - Velocimacro :  VM library template macro registration complete.
2017-01-04 16:22:00,898 - Velocimacro : allowInline = true : VMs can be defined inline in templates
2017-01-04 16:22:00,898 - Velocimacro : allowInlineToOverride = false : VMs defined inline may NOT replace previous VM definitions
2017-01-04 16:22:00,898 - Velocimacro : allowInlineLocal = false : VMs defined inline will be  global in scope if allowed.
2017-01-04 16:22:00,898 - Velocimacro : messages on  : VM system will output logging messages
2017-01-04 16:22:00,898 - Velocimacro : autoload off  : VM system will not automatically reload global library macros
2017-01-04 16:22:00,898 - Velocimacro : initialization complete.
2017-01-04 16:22:00,898 - Velocity successfully started.
2017-01-04 16:43:22,532 - SimpleLog4JLogSystem initialized using logfile 'velocity.log'
2017-01-04 16:43:22,533 - ************************************************************** 
2017-01-04 16:43:22,533 - Starting Jakarta Velocity v1.4
2017-01-04 16:43:22,533 - RuntimeInstance initializing.
2017-01-04 16:43:22,533 - Default Properties File: org\apache\velocity\runtime\defaults\velocity.properties
2017-01-04 16:43:22,533 - Trying to use logger class org.apache.velocity.runtime.log.SimpleLog4JLogSystem
2017-01-04 16:43:22,533 - Using logger class org.apache.velocity.runtime.log.SimpleLog4JLogSystem
2017-01-04 16:43:22,535 - Default ResourceManager initializing. (class org.apache.velocity.runtime.resource.ResourceManagerImpl)
2017-01-04 16:43:22,537 - Resource Loader Instantiated: org.apache.velocity.runtime.resource.loader.ClasspathResourceLoader
2017-01-04 16:43:22,538 - ClasspathResourceLoader : initialization starting.
2017-01-04 16:43:22,538 - ClasspathResourceLoader : initialization complete.
2017-01-04 16:43:22,539 - ResourceCache : initialized. (class org.apache.velocity.runtime.resource.ResourceCacheImpl)
2017-01-04 16:43:22,539 - Default ResourceManager initialization complete.
2017-01-04 16:43:22,541 - Loaded System Directive: org.apache.velocity.runtime.directive.Literal
2017-01-04 16:43:22,543 - Loaded System Directive: org.apache.velocity.runtime.directive.Macro
2017-01-04 16:43:22,545 - Loaded System Directive: org.apache.velocity.runtime.directive.Parse
2017-01-04 16:43:22,548 - Loaded System Directive: org.apache.velocity.runtime.directive.Include
2017-01-04 16:43:22,549 - Loaded System Directive: org.apache.velocity.runtime.directive.Foreach
2017-01-04 16:43:22,570 - Created: 20 parsers.
2017-01-04 16:43:22,577 - Velocimacro : initialization starting.
2017-01-04 16:43:22,577 - Velocimacro : adding VMs from VM library template : VM_global_library.vm
2017-01-04 16:43:22,583 - ResourceManager : unable to find resource 'VM_global_library.vm' in any resource loader.
2017-01-04 16:43:22,583 - Velocimacro : error using  VM library template VM_global_library.vm : org.apache.velocity.exception.ResourceNotFoundException: Unable to find resource 'VM_global_library.vm'
2017-01-04 16:43:22,583 - Velocimacro :  VM library template macro registration complete.
2017-01-04 16:43:22,583 - Velocimacro : allowInline = true : VMs can be defined inline in templates
2017-01-04 16:43:22,583 - Velocimacro : allowInlineToOverride = false : VMs defined inline may NOT replace previous VM definitions
2017-01-04 16:43:22,583 - Velocimacro : allowInlineLocal = false : VMs defined inline will be  global in scope if allowed.
2017-01-04 16:43:22,583 - Velocimacro : messages on  : VM system will output logging messages
2017-01-04 16:43:22,583 - Velocimacro : autoload off  : VM system will not automatically reload global library macros
2017-01-04 16:43:22,583 - Velocimacro : initialization complete.
2017-01-04 16:43:22,583 - Velocity successfully started.
